2022-02-22 19:07:08,689 INFO com.service.XmlParserServiceApplication [restartedMain] Starting XmlParserServiceApplication using Java 17.0.1 on WORKSTATION with PID 3736 (C:\Users\sriram\Documents\workspace-spring-tool-suite-4-4.13.0.RELEASE\XmlParserService\target\classes started by sriram in C:\Users\sriram\Documents\workspace-spring-tool-suite-4-4.13.0.RELEASE\XmlParserService)
2022-02-22 19:07:08,690 DEBUG com.service.XmlParserServiceApplication [restartedMain] Running with Spring Boot v2.6.3, Spring v5.3.15
2022-02-22 19:07:08,690 INFO com.service.XmlParserServiceApplication [restartedMain] No active profile set, falling back to default profiles: default
2022-02-22 19:07:09,622 INFO org.apache.catalina.core.StandardService [restartedMain] Starting service [Tomcat]
2022-02-22 19:07:09,624 INFO org.apache.catalina.core.StandardEngine [restartedMain] Starting Servlet engine: [Apache Tomcat/9.0.56]
2022-02-22 19:07:09,689 INFO org.apache.catalina.core.ContainerBase.[Tomcat].[localhost].[/] [restartedMain] Initializing Spring embedded WebApplicationContext
2022-02-22 19:07:10,470 INFO com.service.XmlParserServiceApplication [restartedMain] Started XmlParserServiceApplication in 2.154 seconds (JVM running for 3.238)
2022-02-22 19:22:12,955 INFO com.service.XmlParserServiceTest [main] Starting XmlParserServiceTest using Java 17.0.1 on WORKSTATION with PID 6752 (started by sriram in C:\Users\sriram\Documents\workspace-spring-tool-suite-4-4.13.0.RELEASE\XmlParserService)
2022-02-22 19:22:12,956 DEBUG com.service.XmlParserServiceTest [main] Running with Spring Boot v2.6.3, Spring v5.3.15
2022-02-22 19:22:12,956 INFO com.service.XmlParserServiceTest [main] The following profiles are active: test
2022-02-22 19:22:15,458 INFO com.service.XmlParserServiceTest [main] Started XmlParserServiceTest in 2.859 seconds (JVM running for 4.204)
2022-02-22 19:26:53,327 INFO com.service.XmlParserServiceTest [main] Starting XmlParserServiceTest using Java 17.0.1 on WORKSTATION with PID 9252 (started by sriram in C:\Users\sriram\Documents\workspace-spring-tool-suite-4-4.13.0.RELEASE\XmlParserService)
2022-02-22 19:26:53,328 DEBUG com.service.XmlParserServiceTest [main] Running with Spring Boot v2.6.3, Spring v5.3.15
2022-02-22 19:26:53,329 INFO com.service.XmlParserServiceTest [main] The following profiles are active: test
2022-02-22 19:26:55,328 INFO com.service.XmlParserServiceTest [main] Started XmlParserServiceTest in 2.288 seconds (JVM running for 3.671)
2022-02-22 19:27:08,425 INFO com.service.XmlParserServiceTest [main] Starting XmlParserServiceTest using Java 17.0.1 on WORKSTATION with PID 9608 (started by sriram in C:\Users\sriram\Documents\workspace-spring-tool-suite-4-4.13.0.RELEASE\XmlParserService)
2022-02-22 19:27:08,426 DEBUG com.service.XmlParserServiceTest [main] Running with Spring Boot v2.6.3, Spring v5.3.15
2022-02-22 19:27:08,426 INFO com.service.XmlParserServiceTest [main] The following profiles are active: test
2022-02-22 19:27:11,545 INFO com.service.XmlParserServiceTest [main] Started XmlParserServiceTest in 3.552 seconds (JVM running for 5.083)
2022-02-22 19:27:53,942 INFO com.service.XmlParserServiceTest [main] Starting XmlParserServiceTest using Java 17.0.1 on WORKSTATION with PID 13748 (started by sriram in C:\Users\sriram\Documents\workspace-spring-tool-suite-4-4.13.0.RELEASE\XmlParserService)
2022-02-22 19:27:53,945 DEBUG com.service.XmlParserServiceTest [main] Running with Spring Boot v2.6.3, Spring v5.3.15
2022-02-22 19:27:53,945 INFO com.service.XmlParserServiceTest [main] The following profiles are active: test
2022-02-22 19:27:57,298 INFO com.service.XmlParserServiceTest [main] Started XmlParserServiceTest in 3.827 seconds (JVM running for 5.738)
2022-02-22 19:28:42,609 INFO com.service.XmlParserServiceTest [main] Starting XmlParserServiceTest using Java 17.0.1 on WORKSTATION with PID 14116 (started by sriram in C:\Users\sriram\Documents\workspace-spring-tool-suite-4-4.13.0.RELEASE\XmlParserService)
2022-02-22 19:28:42,611 DEBUG com.service.XmlParserServiceTest [main] Running with Spring Boot v2.6.3, Spring v5.3.15
2022-02-22 19:28:42,611 INFO com.service.XmlParserServiceTest [main] The following profiles are active: test
2022-02-22 19:28:45,475 INFO com.service.XmlParserServiceTest [main] Started XmlParserServiceTest in 3.264 seconds (JVM running for 4.591)
2022-02-22 19:31:41,432 INFO com.service.XmlParserServiceTest [main] Starting XmlParserServiceTest using Java 17.0.1 on WORKSTATION with PID 11596 (started by sriram in C:\Users\sriram\Documents\workspace-spring-tool-suite-4-4.13.0.RELEASE\XmlParserService)
2022-02-22 19:31:41,434 DEBUG com.service.XmlParserServiceTest [main] Running with Spring Boot v2.6.3, Spring v5.3.15
2022-02-22 19:31:41,434 INFO com.service.XmlParserServiceTest [main] The following profiles are active: test
2022-02-22 19:31:44,171 INFO com.service.XmlParserServiceTest [main] Started XmlParserServiceTest in 3.159 seconds (JVM running for 4.781)
2022-02-22 19:31:49,639 DEBUG com.service.services.XMLParserService [main] XMl validation failed
2022-02-22 19:31:49,639 INFO com.service.services.XMLParserService [main] Test
2022-02-22 19:35:13,409 INFO com.service.XmlParserServiceTest [main] Starting XmlParserServiceTest using Java 17.0.1 on WORKSTATION with PID 13648 (started by sriram in C:\Users\sriram\Documents\workspace-spring-tool-suite-4-4.13.0.RELEASE\XmlParserService)
2022-02-22 19:35:13,411 DEBUG com.service.XmlParserServiceTest [main] Running with Spring Boot v2.6.3, Spring v5.3.15
2022-02-22 19:35:13,411 INFO com.service.XmlParserServiceTest [main] The following profiles are active: test
2022-02-22 19:35:16,076 INFO com.service.XmlParserServiceTest [main] Started XmlParserServiceTest in 3.107 seconds (JVM running for 4.333)
2022-02-22 19:42:33,789 INFO com.service.XmlParserServiceTest [main] Starting XmlParserServiceTest using Java 17.0.1 on WORKSTATION with PID 8108 (started by sriram in C:\Users\sriram\Documents\workspace-spring-tool-suite-4-4.13.0.RELEASE\XmlParserService)
2022-02-22 19:42:33,790 DEBUG com.service.XmlParserServiceTest [main] Running with Spring Boot v2.6.3, Spring v5.3.15
2022-02-22 19:42:33,790 INFO com.service.XmlParserServiceTest [main] The following profiles are active: test
2022-02-22 19:42:35,870 INFO com.service.XmlParserServiceTest [main] Started XmlParserServiceTest in 2.367 seconds (JVM running for 3.285)
2022-02-22 19:42:50,348 INFO com.service.XmlParserServiceTest [main] Starting XmlParserServiceTest using Java 17.0.1 on WORKSTATION with PID 5712 (started by sriram in C:\Users\sriram\Documents\workspace-spring-tool-suite-4-4.13.0.RELEASE\XmlParserService)
2022-02-22 19:42:50,349 DEBUG com.service.XmlParserServiceTest [main] Running with Spring Boot v2.6.3, Spring v5.3.15
2022-02-22 19:42:50,349 INFO com.service.XmlParserServiceTest [main] The following profiles are active: test
2022-02-22 19:42:52,375 INFO com.service.XmlParserServiceTest [main] Started XmlParserServiceTest in 2.318 seconds (JVM running for 3.375)
2022-02-22 19:45:11,396 INFO com.service.XmlParserServiceTest [main] Starting XmlParserServiceTest using Java 17.0.1 on WORKSTATION with PID 13808 (started by sriram in C:\Users\sriram\Documents\workspace-spring-tool-suite-4-4.13.0.RELEASE\XmlParserService)
2022-02-22 19:45:11,397 DEBUG com.service.XmlParserServiceTest [main] Running with Spring Boot v2.6.3, Spring v5.3.15
2022-02-22 19:45:11,397 INFO com.service.XmlParserServiceTest [main] The following profiles are active: test
2022-02-22 19:45:13,585 INFO com.service.XmlParserServiceTest [main] Started XmlParserServiceTest in 2.476 seconds (JVM running for 3.461)
2022-02-22 19:47:13,153 INFO com.service.XmlParserServiceTest [main] Starting XmlParserServiceTest using Java 17.0.1 on WORKSTATION with PID 1244 (started by sriram in C:\Users\sriram\Documents\workspace-spring-tool-suite-4-4.13.0.RELEASE\XmlParserService)
2022-02-22 19:47:13,154 DEBUG com.service.XmlParserServiceTest [main] Running with Spring Boot v2.6.3, Spring v5.3.15
2022-02-22 19:47:13,154 INFO com.service.XmlParserServiceTest [main] The following profiles are active: test
2022-02-22 19:47:15,164 INFO com.service.XmlParserServiceTest [main] Started XmlParserServiceTest in 2.294 seconds (JVM running for 3.211)
2022-02-22 19:47:26,858 INFO com.service.XmlParserServiceTest [main] Starting XmlParserServiceTest using Java 17.0.1 on WORKSTATION with PID 3548 (started by sriram in C:\Users\sriram\Documents\workspace-spring-tool-suite-4-4.13.0.RELEASE\XmlParserService)
2022-02-22 19:47:26,859 DEBUG com.service.XmlParserServiceTest [main] Running with Spring Boot v2.6.3, Spring v5.3.15
2022-02-22 19:47:26,860 INFO com.service.XmlParserServiceTest [main] The following profiles are active: test
2022-02-22 19:47:29,502 INFO com.service.XmlParserServiceTest [main] Started XmlParserServiceTest in 3.036 seconds (JVM running for 4.365)
2022-02-22 19:47:54,500 INFO com.service.XmlParserServiceTest [main] Starting XmlParserServiceTest using Java 17.0.1 on WORKSTATION with PID 5564 (started by sriram in C:\Users\sriram\Documents\workspace-spring-tool-suite-4-4.13.0.RELEASE\XmlParserService)
2022-02-22 19:47:54,501 DEBUG com.service.XmlParserServiceTest [main] Running with Spring Boot v2.6.3, Spring v5.3.15
2022-02-22 19:47:54,501 INFO com.service.XmlParserServiceTest [main] The following profiles are active: test
2022-02-22 19:47:57,096 INFO com.service.XmlParserServiceTest [main] Started XmlParserServiceTest in 2.998 seconds (JVM running for 4.37)
2022-02-22 19:55:08,671 INFO com.service.XmlParserServiceTest [main] Starting XmlParserServiceTest using Java 17.0.1 on WORKSTATION with PID 13836 (started by sriram in C:\Users\sriram\Documents\workspace-spring-tool-suite-4-4.13.0.RELEASE\XmlParserService)
2022-02-22 19:55:08,672 DEBUG com.service.XmlParserServiceTest [main] Running with Spring Boot v2.6.3, Spring v5.3.15
2022-02-22 19:55:08,672 INFO com.service.XmlParserServiceTest [main] The following profiles are active: test
2022-02-22 19:55:10,726 INFO com.service.XmlParserServiceTest [main] Started XmlParserServiceTest in 2.328 seconds (JVM running for 3.288)
2022-02-22 19:56:04,769 INFO com.service.XmlParserServiceTest [main] Starting XmlParserServiceTest using Java 17.0.1 on WORKSTATION with PID 12048 (started by sriram in C:\Users\sriram\Documents\workspace-spring-tool-suite-4-4.13.0.RELEASE\XmlParserService)
2022-02-22 19:56:04,771 DEBUG com.service.XmlParserServiceTest [main] Running with Spring Boot v2.6.3, Spring v5.3.15
2022-02-22 19:56:04,771 INFO com.service.XmlParserServiceTest [main] The following profiles are active: test
2022-02-22 19:56:07,370 INFO com.service.XmlParserServiceTest [main] Started XmlParserServiceTest in 2.985 seconds (JVM running for 4.302)
2022-02-22 19:56:53,305 INFO com.service.XmlParserServiceTest [main] Starting XmlParserServiceTest using Java 17.0.1 on WORKSTATION with PID 12608 (started by sriram in C:\Users\sriram\Documents\workspace-spring-tool-suite-4-4.13.0.RELEASE\XmlParserService)
2022-02-22 19:56:53,307 DEBUG com.service.XmlParserServiceTest [main] Running with Spring Boot v2.6.3, Spring v5.3.15
2022-02-22 19:56:53,307 INFO com.service.XmlParserServiceTest [main] The following profiles are active: test
2022-02-22 19:56:56,048 INFO com.service.XmlParserServiceTest [main] Started XmlParserServiceTest in 3.149 seconds (JVM running for 4.514)
2022-02-22 19:57:37,669 INFO com.service.XmlParserServiceTest [main] Starting XmlParserServiceTest using Java 17.0.1 on WORKSTATION with PID 8360 (started by sriram in C:\Users\sriram\Documents\workspace-spring-tool-suite-4-4.13.0.RELEASE\XmlParserService)
2022-02-22 19:57:37,670 DEBUG com.service.XmlParserServiceTest [main] Running with Spring Boot v2.6.3, Spring v5.3.15
2022-02-22 19:57:37,671 INFO com.service.XmlParserServiceTest [main] The following profiles are active: test
2022-02-22 19:57:40,331 INFO com.service.XmlParserServiceTest [main] Started XmlParserServiceTest in 3.074 seconds (JVM running for 4.366)
2022-02-22 19:58:08,543 INFO com.service.XmlParserServiceTest [main] Starting XmlParserServiceTest using Java 17.0.1 on WORKSTATION with PID 10500 (started by sriram in C:\Users\sriram\Documents\workspace-spring-tool-suite-4-4.13.0.RELEASE\XmlParserService)
2022-02-22 19:58:08,544 DEBUG com.service.XmlParserServiceTest [main] Running with Spring Boot v2.6.3, Spring v5.3.15
2022-02-22 19:58:08,544 INFO com.service.XmlParserServiceTest [main] The following profiles are active: test
2022-02-22 19:58:10,591 INFO com.service.XmlParserServiceTest [main] Started XmlParserServiceTest in 2.328 seconds (JVM running for 3.248)
2022-02-22 19:58:16,334 INFO com.service.XmlParserServiceTest [main] Starting XmlParserServiceTest using Java 17.0.1 on WORKSTATION with PID 8068 (started by sriram in C:\Users\sriram\Documents\workspace-spring-tool-suite-4-4.13.0.RELEASE\XmlParserService)
2022-02-22 19:58:16,335 DEBUG com.service.XmlParserServiceTest [main] Running with Spring Boot v2.6.3, Spring v5.3.15
2022-02-22 19:58:16,335 INFO com.service.XmlParserServiceTest [main] The following profiles are active: test
2022-02-22 19:58:18,501 INFO com.service.XmlParserServiceTest [main] Started XmlParserServiceTest in 2.461 seconds (JVM running for 3.484)
2022-02-22 19:59:28,078 INFO com.service.XmlParserServiceTest [main] Starting XmlParserServiceTest using Java 17.0.1 on WORKSTATION with PID 6380 (started by sriram in C:\Users\sriram\Documents\workspace-spring-tool-suite-4-4.13.0.RELEASE\XmlParserService)
2022-02-22 19:59:28,079 DEBUG com.service.XmlParserServiceTest [main] Running with Spring Boot v2.6.3, Spring v5.3.15
2022-02-22 19:59:28,079 INFO com.service.XmlParserServiceTest [main] The following profiles are active: test
2022-02-22 19:59:29,966 INFO com.service.XmlParserServiceTest [main] Started XmlParserServiceTest in 2.169 seconds (JVM running for 3.101)
